  Generate moc_predefs.h
  Uic'ing alram.ui...
  Uic'ing ex.ui...
  Uic'ing gamble.ui...
  Uic'ing mainwindow.ui...
  Uic'ing notepad.ui...
  Uic'ing teaminfo.ui...
  Moc'ing alram.h...
  Moc'ing ex.h...
  Moc'ing gamble.h...
  Moc'ing mainwindow.h...
  Moc'ing notepad.h...
  Moc'ing teaminfo.h...
  alram.cpp
  ex.cpp
  gamble.cpp
  main.cpp
  mainwindow.cpp
  notepad.cpp
  teaminfo.cpp
  moc_alram.cpp
c:\users\dlehd\documents\projcet\gamble.cpp : warning C4819: 현재 코드 페이지(949)에서 표시할 수 없는 문자가 파일에 들어 있습니다. 데이터가 손실되지 않게 하려면 해당 파일을 유니코드 형식으로 저장하십시오.
c:\users\dlehd\documents\projcet\notepad.cpp : warning C4819: 현재 코드 페이지(949)에서 표시할 수 없는 문자가 파일에 들어 있습니다. 데이터가 손실되지 않게 하려면 해당 파일을 유니코드 형식으로 저장하십시오.
  moc_ex.cpp
  moc_gamble.cpp
  moc_mainwindow.cpp
  moc_notepad.cpp
  moc_teaminfo.cpp
  Projcet.vcxproj -> C:\Users\dlehd\Documents\Projcet\debug\Projcet.exe
